This is pdfTeX, Version 3.1415926-2.5-1.40.14 (TeX Live 2013) (format=pdflatex 2014.4.6)  26 NOV 2014 12:03
entering extended mode
 restricted \write18 enabled.
 %&-line parsing enabled.
**\nonstopmode\input template.tex
(./template.tex (./jssst_ppl.cls
Document Class: jssst_ppl 2010/11/19 Kiminori MATSUZAKI
(/usr/local/texlive/2013/texmf-dist/tex/latex/base/article.cls
Document Class: article 2007/10/19 v1.4h Standard LaTeX document class
(/usr/local/texlive/2013/texmf-dist/tex/latex/base/size11.clo
File: size11.clo 2007/10/19 v1.4h Standard LaTeX file (size option)
)
\c@part=\count79
\c@section=\count80
\c@subsection=\count81
\c@subsubsection=\count82
\c@paragraph=\count83
\c@subparagraph=\count84
\c@figure=\count85
\c@table=\count86
\abovecaptionskip=\skip41
\belowcaptionskip=\skip42
\bibindent=\dimen102
))
! Text line contains an invalid character.
l.6 \author{^^[
               $BBh0l^^[(B ^^[$BCx<T^^[(B$^1$, ^^[$BBhFs^^[(B ^^[$BCx<T^^[(B...
A funny symbol that I can't read has just been input.
Continue, and I'll forget that it ever happened.

! Text line contains an invalid character.
l.6 \author{^^[$BBh0l^^[
                        (B ^^[$BCx<T^^[(B$^1$, ^^[$BBhFs^^[(B ^^[$BCx<T^^[(B...
A funny symbol that I can't read has just been input.
Continue, and I'll forget that it ever happened.

! Text line contains an invalid character.
l.6 \author{^^[$BBh0l^^[(B ^^[
                              $BCx<T^^[(B$^1$, ^^[$BBhFs^^[(B ^^[$BCx<T^^[(B...
A funny symbol that I can't read has just been input.
Continue, and I'll forget that it ever happened.

! Text line contains an invalid character.
l.6 \author{^^[$BBh0l^^[(B ^^[$BCx<T^^[
                                       (B$^1$, ^^[$BBhFs^^[(B ^^[$BCx<T^^[(B...
A funny symbol that I can't read has just been input.
Continue, and I'll forget that it ever happened.

! Text line contains an invalid character.
l.6 \author{^^[$BBh0l^^[(B ^^[$BCx<T^^[(B$^1$, ^^[
                                                  $BBhFs^^[(B ^^[$BCx<T^^[(B...
A funny symbol that I can't read has just been input.
Continue, and I'll forget that it ever happened.

! Text line contains an invalid character.
l.6 ...BBh0l^^[(B ^^[$BCx<T^^[(B$^1$, ^^[$BBhFs^^[
                                                  (B ^^[$BCx<T^^[(B$^2$}
A funny symbol that I can't read has just been input.
Continue, and I'll forget that it ever happened.

! Text line contains an invalid character.
l.6 ...^[(B ^^[$BCx<T^^[(B$^1$, ^^[$BBhFs^^[(B ^^[
                                                  $BCx<T^^[(B$^2$}
A funny symbol that I can't read has just been input.
Continue, and I'll forget that it ever happened.

! Text line contains an invalid character.
l.6 ...BCx<T^^[(B$^1$, ^^[$BBhFs^^[(B ^^[$BCx<T^^[
                                                  (B$^2$}
A funny symbol that I can't read has just been input.
Continue, and I'll forget that it ever happened.

! Text line contains an invalid character.
l.8 $^1$ ^^[
            $B!{!{Bg3X!_!_3X2J^^[(B\\
A funny symbol that I can't read has just been input.
Continue, and I'll forget that it ever happened.

! Text line contains an invalid character.
l.8 $^1$ ^^[$B!{!{Bg3X!_!_3X2J^^[
                                 (B\\
A funny symbol that I can't read has just been input.
Continue, and I'll forget that it ever happened.

! Text line contains an invalid character.
l.11 $^2$ ^^[
             $B"$"$8&5f=j^^[(B\\
A funny symbol that I can't read has just been input.
Continue, and I'll forget that it ever happened.

! Text line contains an invalid character.
l.11 $^2$ ^^[$B"$"$8&5f=j^^[
                            (B\\
A funny symbol that I can't read has just been input.
Continue, and I'll forget that it ever happened.

! Text line contains an invalid character.
l.17 ^^[
        $B35MW$r$3$3$K=q$/^^[(B.
A funny symbol that I can't read has just been input.
Continue, and I'll forget that it ever happened.

! Text line contains an invalid character.
l.17 ^^[$B35MW$r$3$3$K=q$/^^[
                             (B.
A funny symbol that I can't read has just been input.
Continue, and I'll forget that it ever happened.

! Text line contains an invalid character.
l.21 \section{^^[
                 $B$O$8$a$K^^[(B}
A funny symbol that I can't read has just been input.
Continue, and I'll forget that it ever happened.

! Text line contains an invalid character.
l.21 \section{^^[$B$O$8$a$K^^[
                              (B}
A funny symbol that I can't read has just been input.
Continue, and I'll forget that it ever happened.

! Text line contains an invalid character.
l.22 ^^[
        $B8e$O^^[(B, ^^[$BDL>o$I$*$j$K=q$$$F$/$@$5$$^^[(B
A funny symbol that I can't read has just been input.
Continue, and I'll forget that it ever happened.

! Text line contains an invalid character.
l.22 ^^[$B8e$O^^[
                 (B, ^^[$BDL>o$I$*$j$K=q$$$F$/$@$5$$^^[(B
A funny symbol that I can't read has just been input.
Continue, and I'll forget that it ever happened.

! Text line contains an invalid character.
l.22 ^^[$B8e$O^^[(B, ^^[
                        $BDL>o$I$*$j$K=q$$$F$/$@$5$$^^[(B
A funny symbol that I can't read has just been input.
Continue, and I'll forget that it ever happened.

! Text line contains an invalid character.
l.22 ...O^^[(B, ^^[$BDL>o$I$*$j$K=q$$$F$/$@$5$$^^[
                                                  (B
A funny symbol that I can't read has just been input.
Continue, and I'll forget that it ever happened.

)
Runaway argument?
{$^1$ $B!{!{Bg3X!_!_3X2J(B\\ \texttt {sample@example.ac.jp} \medskip \ETC.
! File ended while scanning use of \inst.
<inserted text> 
                \par 
<*> \nonstopmode\input template.tex
                                   
I suspect you have forgotten a `}', causing me
to read past where you wanted me to stop.
I'll try to recover; but if the error is serious,
you'd better type `E' or `X' now and fix your file.

! Emergency stop.
<*> \nonstopmode\input template.tex
                                   
*** (job aborted, no legal \end found)

 
Here is how much of TeX's memory you used:
 212 strings out of 493315
 2305 string characters out of 6137905
 52605 words of memory out of 5000000
 3753 multiletter control sequences out of 15000+600000
 3940 words of font info for 15 fonts, out of 8000000 for 9000
 957 hyphenation exceptions out of 8191
 27i,0n,21p,159b,36s stack positions out of 5000i,500n,10000p,200000b,80000s
!  ==> Fatal error occurred, no output PDF file produced!
